
Gurobi 8.1.1 (linux64, Python) logging started Mon Jan 13 08:08:10 2020

Academic license - for non-commercial use only

Gurobi 8.1.1 (linux64, Python) logging started Mon Jan 13 08:14:44 2020

Academic license - for non-commercial use only

Gurobi 8.1.1 (linux64, Python) logging started Mon Jan 13 08:15:18 2020

Academic license - for non-commercial use only

Gurobi 8.1.1 (linux64, Python) logging started Mon Jan 13 08:18:13 2020

Academic license - for non-commercial use only

Gurobi 8.1.1 (linux64, Python) logging started Mon Jan 13 08:18:41 2020

Academic license - for non-commercial use only

Gurobi 8.1.1 (linux64, Python) logging started Mon Jan 13 08:21:15 2020

Academic license - for non-commercial use only

Gurobi 8.1.1 (linux64, Python) logging started Mon Jan 13 08:21:27 2020

Academic license - for non-commercial use only

Gurobi 8.1.1 (linux64, Python) logging started Mon Jan 13 08:23:54 2020

Academic license - for non-commercial use only

Gurobi 8.1.1 (linux64, Python) logging started Mon Jan 13 08:24:22 2020

Academic license - for non-commercial use only

Gurobi 8.1.1 (linux64, Python) logging started Mon Jan 13 08:24:36 2020

Academic license - for non-commercial use only

Gurobi 8.1.1 (linux64, Python) logging started Mon Jan 13 08:31:58 2020

Academic license - for non-commercial use only

Gurobi 8.1.1 (linux64, Python) logging started Mon Jan 13 08:34:30 2020

Academic license - for non-commercial use only

Gurobi 8.1.1 (linux64, Python) logging started Mon Jan 13 08:35:04 2020

Academic license - for non-commercial use only

Gurobi 8.1.1 (linux64, Python) logging started Mon Jan 13 08:36:00 2020

Academic license - for non-commercial use only

Gurobi 8.1.1 (linux64, Python) logging started Mon Jan 13 08:36:32 2020

Academic license - for non-commercial use only

Gurobi 8.1.1 (linux64, Python) logging started Mon Jan 13 08:41:04 2020

Academic license - for non-commercial use only

Gurobi 8.1.1 (linux64, Python) logging started Mon Jan 13 08:41:43 2020

Academic license - for non-commercial use only

Gurobi 8.1.1 (linux64, Python) logging started Mon Jan 13 08:44:52 2020

Academic license - for non-commercial use only

Gurobi 8.1.1 (linux64, Python) logging started Mon Jan 13 08:45:04 2020

Academic license - for non-commercial use only

Gurobi 8.1.1 (linux64, Python) logging started Mon Jan 13 08:45:30 2020

Academic license - for non-commercial use only

Gurobi 8.1.1 (linux64, Python) logging started Mon Jan 13 08:46:19 2020

Academic license - for non-commercial use only

Gurobi 8.1.1 (linux64, Python) logging started Mon Jan 13 08:46:29 2020

Academic license - for non-commercial use only

Gurobi 8.1.1 (linux64, Python) logging started Tue Jan 14 09:40:25 2020

Academic license - for non-commercial use only

Gurobi 8.1.1 (linux64, Python) logging started Tue Jan 14 12:15:37 2020

Academic license - for non-commercial use only

Gurobi 8.1.1 (linux64, Python) logging started Tue Jan 14 12:18:46 2020

Academic license - for non-commercial use only

Gurobi 8.1.1 (linux64, Python) logging started Tue Jan 14 12:19:24 2020

Academic license - for non-commercial use only

Gurobi 8.1.1 (linux64, Python) logging started Tue Jan 14 12:22:13 2020

Academic license - for non-commercial use only

Gurobi 8.1.1 (linux64, Python) logging started Tue Jan 14 12:22:46 2020

Academic license - for non-commercial use only

Gurobi 8.1.1 (linux64, Python) logging started Tue Jan 14 12:45:52 2020

Academic license - for non-commercial use only

Gurobi 8.1.1 (linux64, Python) logging started Tue Jan 14 12:47:18 2020

Academic license - for non-commercial use only

Gurobi 8.1.1 (linux64, Python) logging started Tue Jan 14 12:48:11 2020

Academic license - for non-commercial use only

Gurobi 8.1.1 (linux64, Python) logging started Tue Jan 14 12:49:50 2020

Academic license - for non-commercial use only

Gurobi 8.1.1 (linux64, Python) logging started Tue Jan 14 12:50:12 2020

Academic license - for non-commercial use only

Gurobi 8.1.1 (linux64, Python) logging started Tue Jan 14 12:52:28 2020

Academic license - for non-commercial use only

Gurobi 8.1.1 (linux64, Python) logging started Tue Jan 14 13:02:09 2020

Academic license - for non-commercial use only

Gurobi 8.1.1 (linux64, Python) logging started Tue Jan 14 13:17:01 2020

Academic license - for non-commercial use only

Gurobi 8.1.1 (linux64, Python) logging started Tue Jan 14 13:18:56 2020

Academic license - for non-commercial use only

Gurobi 8.1.1 (linux64, Python) logging started Tue Jan 14 13:26:53 2020

Academic license - for non-commercial use only

Gurobi 8.1.1 (linux64, Python) logging started Tue Jan 14 13:36:14 2020

Academic license - for non-commercial use only

Gurobi 8.1.1 (linux64, Python) logging started Tue Jan 14 13:36:42 2020

Academic license - for non-commercial use only

Gurobi 8.1.1 (linux64, Python) logging started Tue Jan 14 13:37:50 2020

Academic license - for non-commercial use only

Gurobi 8.1.1 (linux64, Python) logging started Tue Jan 14 13:51:06 2020

Academic license - for non-commercial use only

Gurobi 8.1.1 (linux64, Python) logging started Tue Jan 14 13:53:31 2020

Academic license - for non-commercial use only

Gurobi 8.1.1 (linux64, Python) logging started Tue Jan 14 13:53:58 2020

Academic license - for non-commercial use only

Gurobi 8.1.1 (linux64, Python) logging started Tue Jan 14 13:54:26 2020

Academic license - for non-commercial use only

Gurobi 8.1.1 (linux64, Python) logging started Tue Jan 14 14:10:20 2020

Academic license - for non-commercial use only

Gurobi 8.1.1 (linux64, Python) logging started Tue Jan 14 14:11:16 2020

Academic license - for non-commercial use only

Gurobi 8.1.1 (linux64, Python) logging started Tue Jan 14 14:12:22 2020

Academic license - for non-commercial use only

Gurobi 8.1.1 (linux64, Python) logging started Tue Jan 14 14:13:02 2020

Academic license - for non-commercial use only

Gurobi 8.1.1 (linux64, Python) logging started Tue Jan 14 14:17:16 2020

Academic license - for non-commercial use only

Gurobi 8.1.1 (linux64, Python) logging started Tue Jan 14 14:17:48 2020

Academic license - for non-commercial use only

Gurobi 8.1.1 (linux64, Python) logging started Tue Jan 14 14:18:45 2020

Academic license - for non-commercial use only

Gurobi 8.1.1 (linux64, Python) logging started Tue Jan 14 14:19:37 2020

Academic license - for non-commercial use only

Gurobi 8.1.1 (linux64, Python) logging started Tue Jan 14 14:27:34 2020

Academic license - for non-commercial use only

Gurobi 8.1.1 (linux64, Python) logging started Tue Jan 14 14:29:28 2020

Academic license - for non-commercial use only

Gurobi 8.1.1 (linux64, Python) logging started Tue Jan 14 14:30:29 2020

Academic license - for non-commercial use only

Gurobi 8.1.1 (linux64, Python) logging started Tue Jan 14 14:32:50 2020

Academic license - for non-commercial use only

Gurobi 8.1.1 (linux64, Python) logging started Tue Jan 14 14:34:29 2020

Academic license - for non-commercial use only

Gurobi 8.1.1 (linux64, Python) logging started Tue Jan 14 14:34:58 2020

Academic license - for non-commercial use only

Gurobi 8.1.1 (linux64, Python) logging started Tue Jan 14 14:37:08 2020

Academic license - for non-commercial use only

Gurobi 8.1.1 (linux64, Python) logging started Tue Jan 14 14:37:41 2020

Academic license - for non-commercial use only

Gurobi 8.1.1 (linux64, Python) logging started Tue Jan 14 14:38:03 2020

Academic license - for non-commercial use only

Gurobi 8.1.1 (linux64, Python) logging started Tue Jan 14 14:38:29 2020

Academic license - for non-commercial use only

Gurobi 8.1.1 (linux64, Python) logging started Tue Jan 14 14:46:42 2020

Academic license - for non-commercial use only

Gurobi 8.1.1 (linux64, Python) logging started Tue Jan 14 14:48:57 2020

Academic license - for non-commercial use only

Gurobi 8.1.1 (linux64, Python) logging started Tue Jan 14 14:53:23 2020

Academic license - for non-commercial use only

Gurobi 8.1.1 (linux64, Python) logging started Tue Jan 14 14:57:41 2020

Academic license - for non-commercial use only

Gurobi 8.1.1 (linux64, Python) logging started Wed Jan 15 09:35:50 2020

Academic license - for non-commercial use only

Gurobi 8.1.1 (linux64, Python) logging started Wed Jan 15 09:51:43 2020

Academic license - for non-commercial use only

Gurobi 8.1.1 (linux64, Python) logging started Wed Jan 15 09:52:07 2020

Academic license - for non-commercial use only

Gurobi 8.1.1 (linux64, Python) logging started Wed Jan 15 09:59:22 2020

Academic license - for non-commercial use only

Gurobi 8.1.1 (linux64, Python) logging started Wed Jan 15 10:02:03 2020

Academic license - for non-commercial use only

Gurobi 8.1.1 (linux64, Python) logging started Wed Jan 15 10:25:02 2020

Academic license - for non-commercial use only

Gurobi 8.1.1 (linux64, Python) logging started Wed Jan 15 10:25:27 2020

Academic license - for non-commercial use only

Gurobi 8.1.1 (linux64, Python) logging started Wed Jan 15 10:27:03 2020

Academic license - for non-commercial use only

Gurobi 8.1.1 (linux64, Python) logging started Wed Jan 15 10:28:52 2020

Academic license - for non-commercial use only

Gurobi 8.1.1 (linux64, Python) logging started Wed Jan 15 10:32:29 2020

Academic license - for non-commercial use only

Gurobi 8.1.1 (linux64, Python) logging started Wed Jan 15 10:33:26 2020

Academic license - for non-commercial use only

Gurobi 8.1.1 (linux64, Python) logging started Wed Jan 15 10:35:08 2020

Academic license - for non-commercial use only

Gurobi 8.1.1 (linux64, Python) logging started Wed Jan 15 10:36:02 2020

Academic license - for non-commercial use only

Gurobi 8.1.1 (linux64, Python) logging started Wed Jan 15 10:57:39 2020

Academic license - for non-commercial use only

Gurobi 8.1.1 (linux64, Python) logging started Wed Jan 15 10:58:11 2020

Academic license - for non-commercial use only

Gurobi 8.1.1 (linux64, Python) logging started Wed Jan 15 11:02:35 2020

Academic license - for non-commercial use only

Gurobi 8.1.1 (linux64, Python) logging started Wed Jan 15 11:09:10 2020

Academic license - for non-commercial use only

Gurobi 8.1.1 (linux64, Python) logging started Wed Jan 15 11:35:10 2020

Academic license - for non-commercial use only

Gurobi 8.1.1 (linux64, Python) logging started Wed Jan 15 11:39:33 2020

Academic license - for non-commercial use only

Gurobi 8.1.1 (linux64, Python) logging started Wed Jan 15 11:42:12 2020

Academic license - for non-commercial use only

Gurobi 8.1.1 (linux64, Python) logging started Wed Jan 15 11:44:09 2020

Academic license - for non-commercial use only

Gurobi 8.1.1 (linux64, Python) logging started Wed Jan 15 11:45:12 2020

Academic license - for non-commercial use only

Gurobi 8.1.1 (linux64, Python) logging started Wed Jan 15 11:46:28 2020

Academic license - for non-commercial use only

Gurobi 8.1.1 (linux64, Python) logging started Wed Jan 15 11:47:29 2020

Academic license - for non-commercial use only

Gurobi 8.1.1 (linux64, Python) logging started Wed Jan 15 11:47:53 2020

Academic license - for non-commercial use only

Gurobi 8.1.1 (linux64, Python) logging started Wed Jan 15 11:48:16 2020

Academic license - for non-commercial use only

Gurobi 8.1.1 (linux64, Python) logging started Wed Jan 15 11:50:21 2020

Academic license - for non-commercial use only

Gurobi 8.1.1 (linux64, Python) logging started Wed Jan 15 11:52:52 2020

Academic license - for non-commercial use only

Gurobi 8.1.1 (linux64, Python) logging started Wed Jan 15 11:54:01 2020

Academic license - for non-commercial use only

Gurobi 8.1.1 (linux64, Python) logging started Wed Jan 15 11:56:02 2020

Academic license - for non-commercial use only

Gurobi 8.1.1 (linux64, Python) logging started Wed Jan 15 11:56:57 2020

Academic license - for non-commercial use only

Gurobi 8.1.1 (linux64, Python) logging started Wed Jan 15 11:57:33 2020

Academic license - for non-commercial use only

Gurobi 8.1.1 (linux64, Python) logging started Wed Jan 15 12:01:27 2020

Academic license - for non-commercial use only

Gurobi 8.1.1 (linux64, Python) logging started Wed Jan 15 12:02:08 2020

Academic license - for non-commercial use only

Gurobi 8.1.1 (linux64, Python) logging started Wed Jan 15 12:02:57 2020

Academic license - for non-commercial use only

Gurobi 8.1.1 (linux64, Python) logging started Wed Jan 15 12:03:36 2020

Academic license - for non-commercial use only

Gurobi 8.1.1 (linux64, Python) logging started Wed Jan 15 12:11:33 2020

Academic license - for non-commercial use only

Gurobi 8.1.1 (linux64, Python) logging started Wed Jan 15 12:12:00 2020

Academic license - for non-commercial use only

Gurobi 8.1.1 (linux64, Python) logging started Wed Jan 15 12:12:28 2020

Academic license - for non-commercial use only

Gurobi 8.1.1 (linux64, Python) logging started Wed Jan 15 12:13:02 2020

Academic license - for non-commercial use only

Gurobi 8.1.1 (linux64, Python) logging started Wed Jan 15 12:14:39 2020

Academic license - for non-commercial use only

Gurobi 8.1.1 (linux64, Python) logging started Wed Jan 15 12:16:00 2020

Academic license - for non-commercial use only

Gurobi 8.1.1 (linux64, Python) logging started Wed Jan 15 12:16:59 2020

Academic license - for non-commercial use only

Gurobi 8.1.1 (linux64, Python) logging started Wed Jan 15 12:17:33 2020

Academic license - for non-commercial use only

Gurobi 8.1.1 (linux64, Python) logging started Wed Jan 15 12:19:17 2020

Academic license - for non-commercial use only

Gurobi 8.1.1 (linux64, Python) logging started Wed Jan 15 12:19:51 2020

Academic license - for non-commercial use only

Gurobi 8.1.1 (linux64, Python) logging started Wed Jan 15 12:33:06 2020

Academic license - for non-commercial use only

Gurobi 8.1.1 (linux64, Python) logging started Wed Jan 15 12:34:09 2020

Academic license - for non-commercial use only

Gurobi 8.1.1 (linux64, Python) logging started Wed Jan 15 12:35:19 2020

Academic license - for non-commercial use only

Gurobi 8.1.1 (linux64, Python) logging started Wed Jan 15 13:02:56 2020

Academic license - for non-commercial use only

Gurobi 8.1.1 (linux64, Python) logging started Wed Jan 15 13:22:50 2020

Academic license - for non-commercial use only

Gurobi 8.1.1 (linux64, Python) logging started Wed Jan 15 13:24:02 2020

Academic license - for non-commercial use only

Gurobi 8.1.1 (linux64, Python) logging started Wed Jan 15 13:24:20 2020

Academic license - for non-commercial use only

Gurobi 8.1.1 (linux64, Python) logging started Wed Jan 15 13:24:49 2020

Academic license - for non-commercial use only

Gurobi 8.1.1 (linux64, Python) logging started Wed Jan 15 13:31:21 2020

Academic license - for non-commercial use only

Gurobi 8.1.1 (linux64, Python) logging started Wed Jan 15 13:32:15 2020

Academic license - for non-commercial use only

Gurobi 8.1.1 (linux64, Python) logging started Wed Jan 15 13:32:40 2020

Academic license - for non-commercial use only

Gurobi 8.1.1 (linux64, Python) logging started Wed Jan 15 13:34:02 2020

Academic license - for non-commercial use only

Gurobi 8.1.1 (linux64, Python) logging started Wed Jan 15 13:34:36 2020

Academic license - for non-commercial use only

Gurobi 8.1.1 (linux64, Python) logging started Wed Jan 15 13:41:31 2020

Academic license - for non-commercial use only

Gurobi 8.1.1 (linux64, Python) logging started Wed Jan 15 13:43:44 2020

Academic license - for non-commercial use only

Gurobi 8.1.1 (linux64, Python) logging started Wed Jan 15 13:44:06 2020

Academic license - for non-commercial use only

Gurobi 8.1.1 (linux64, Python) logging started Wed Jan 15 13:45:35 2020

Academic license - for non-commercial use only

Gurobi 8.1.1 (linux64, Python) logging started Wed Jan 15 13:46:18 2020

Academic license - for non-commercial use only

Gurobi 8.1.1 (linux64, Python) logging started Wed Jan 15 13:51:24 2020

Academic license - for non-commercial use only

Gurobi 8.1.1 (linux64, Python) logging started Wed Jan 15 13:54:43 2020

Academic license - for non-commercial use only

Gurobi 8.1.1 (linux64, Python) logging started Wed Jan 15 13:58:36 2020

Academic license - for non-commercial use only

Gurobi 8.1.1 (linux64, Python) logging started Wed Jan 15 13:59:55 2020

Academic license - for non-commercial use only

Gurobi 8.1.1 (linux64, Python) logging started Wed Jan 15 14:01:52 2020

Academic license - for non-commercial use only

Gurobi 8.1.1 (linux64, Python) logging started Wed Jan 15 14:06:05 2020

Academic license - for non-commercial use only

Gurobi 8.1.1 (linux64, Python) logging started Wed Jan 15 14:09:52 2020

Academic license - for non-commercial use only

Gurobi 8.1.1 (linux64, Python) logging started Wed Jan 15 14:10:11 2020

Academic license - for non-commercial use only

Gurobi 8.1.1 (linux64, Python) logging started Wed Jan 15 14:10:29 2020

Academic license - for non-commercial use only

Gurobi 8.1.1 (linux64, Python) logging started Wed Jan 15 14:12:04 2020

Academic license - for non-commercial use only

Gurobi 8.1.1 (linux64, Python) logging started Wed Jan 15 14:13:21 2020

Academic license - for non-commercial use only

Gurobi 8.1.1 (linux64, Python) logging started Wed Jan 15 14:13:55 2020

Academic license - for non-commercial use only

Gurobi 8.1.1 (linux64, Python) logging started Wed Jan 15 14:14:25 2020

Academic license - for non-commercial use only

Gurobi 8.1.1 (linux64, Python) logging started Wed Jan 15 14:15:14 2020

Academic license - for non-commercial use only

Gurobi 8.1.1 (linux64, Python) logging started Wed Jan 15 14:16:42 2020

Academic license - for non-commercial use only

Gurobi 8.1.1 (linux64, Python) logging started Wed Jan 15 14:17:51 2020

Academic license - for non-commercial use only

Gurobi 8.1.1 (linux64, Python) logging started Wed Jan 15 14:18:46 2020

Academic license - for non-commercial use only

Gurobi 8.1.1 (linux64, Python) logging started Wed Jan 15 14:19:41 2020

Academic license - for non-commercial use only

Gurobi 8.1.1 (linux64, Python) logging started Wed Jan 15 14:20:11 2020

Academic license - for non-commercial use only

Gurobi 8.1.1 (linux64, Python) logging started Wed Jan 15 14:21:17 2020

Academic license - for non-commercial use only

Gurobi 8.1.1 (linux64, Python) logging started Wed Jan 15 14:21:43 2020

Academic license - for non-commercial use only

Gurobi 8.1.1 (linux64, Python) logging started Wed Jan 15 14:22:19 2020

Academic license - for non-commercial use only

Gurobi 8.1.1 (linux64, Python) logging started Wed Jan 15 14:22:57 2020

Academic license - for non-commercial use only

Gurobi 8.1.1 (linux64, Python) logging started Wed Jan 15 14:23:15 2020

Academic license - for non-commercial use only

Gurobi 8.1.1 (linux64, Python) logging started Wed Jan 15 14:31:00 2020

Academic license - for non-commercial use only

Gurobi 8.1.1 (linux64, Python) logging started Wed Jan 15 14:45:34 2020

Academic license - for non-commercial use only

Gurobi 8.1.1 (linux64, Python) logging started Wed Jan 15 14:47:38 2020

Academic license - for non-commercial use only

Gurobi 8.1.1 (linux64, Python) logging started Wed Jan 15 14:48:32 2020

Academic license - for non-commercial use only

Gurobi 8.1.1 (linux64, Python) logging started Wed Jan 15 14:49:07 2020

Academic license - for non-commercial use only

Gurobi 8.1.1 (linux64, Python) logging started Wed Jan 15 14:49:46 2020

Academic license - for non-commercial use only

Gurobi 8.1.1 (linux64, Python) logging started Wed Jan 15 14:50:06 2020

Academic license - for non-commercial use only

Gurobi 8.1.1 (linux64, Python) logging started Wed Jan 15 14:54:39 2020

Academic license - for non-commercial use only

Gurobi 8.1.1 (linux64, Python) logging started Wed Jan 15 14:57:08 2020

Academic license - for non-commercial use only

Gurobi 8.1.1 (linux64, Python) logging started Wed Jan 15 14:57:32 2020

Academic license - for non-commercial use only

Gurobi 8.1.1 (linux64, Python) logging started Wed Jan 15 14:58:04 2020

Academic license - for non-commercial use only

Gurobi 8.1.1 (linux64, Python) logging started Wed Jan 15 14:59:29 2020

Academic license - for non-commercial use only

Gurobi 8.1.1 (linux64, Python) logging started Wed Jan 15 15:00:28 2020

Academic license - for non-commercial use only

Gurobi 8.1.1 (linux64, Python) logging started Wed Jan 15 15:00:50 2020

Academic license - for non-commercial use only

Gurobi 8.1.1 (linux64, Python) logging started Wed Jan 15 15:01:11 2020

Academic license - for non-commercial use only

Gurobi 8.1.1 (linux64, Python) logging started Wed Jan 15 15:01:38 2020

Academic license - for non-commercial use only

Gurobi 8.1.1 (linux64, Python) logging started Wed Jan 15 15:01:58 2020

Academic license - for non-commercial use only

Gurobi 8.1.1 (linux64, Python) logging started Wed Jan 15 15:02:22 2020

Academic license - for non-commercial use only

Gurobi 8.1.1 (linux64, Python) logging started Wed Jan 15 15:03:31 2020

Academic license - for non-commercial use only

Gurobi 8.1.1 (linux64, Python) logging started Wed Jan 15 15:03:56 2020

Academic license - for non-commercial use only

Gurobi 8.1.1 (linux64, Python) logging started Wed Jan 15 15:04:24 2020

Academic license - for non-commercial use only

Gurobi 8.1.1 (linux64, Python) logging started Wed Jan 15 15:05:27 2020

Academic license - for non-commercial use only

Gurobi 8.1.1 (linux64, Python) logging started Wed Jan 15 15:05:55 2020

Academic license - for non-commercial use only

Gurobi 8.1.1 (linux64, Python) logging started Wed Jan 15 15:07:04 2020

Academic license - for non-commercial use only

Gurobi 8.1.1 (linux64, Python) logging started Wed Jan 15 15:07:47 2020

Academic license - for non-commercial use only

Gurobi 8.1.1 (linux64, Python) logging started Wed Jan 15 15:08:13 2020

Academic license - for non-commercial use only

Gurobi 8.1.1 (linux64, Python) logging started Wed Jan 15 15:08:57 2020

Academic license - for non-commercial use only

Gurobi 8.1.1 (linux64, Python) logging started Wed Jan 15 15:10:02 2020

Academic license - for non-commercial use only

Gurobi 8.1.1 (linux64, Python) logging started Wed Jan 15 15:10:36 2020

Academic license - for non-commercial use only

Gurobi 8.1.1 (linux64, Python) logging started Wed Jan 15 15:12:07 2020

Academic license - for non-commercial use only

Gurobi 8.1.1 (linux64, Python) logging started Wed Jan 15 15:12:47 2020

Academic license - for non-commercial use only

Gurobi 8.1.1 (linux64, Python) logging started Wed Jan 15 15:36:00 2020

Academic license - for non-commercial use only

Gurobi 8.1.1 (linux64, Python) logging started Wed Jan 15 15:36:35 2020

Academic license - for non-commercial use only

Gurobi 8.1.1 (linux64, Python) logging started Wed Jan 15 15:37:00 2020

Academic license - for non-commercial use only

Gurobi 8.1.1 (linux64, Python) logging started Wed Jan 15 15:39:31 2020

Academic license - for non-commercial use only

Gurobi 8.1.1 (linux64, Python) logging started Wed Jan 15 15:40:08 2020

Academic license - for non-commercial use only

Gurobi 8.1.1 (linux64, Python) logging started Wed Jan 15 15:42:03 2020

Academic license - for non-commercial use only

Gurobi 8.1.1 (linux64, Python) logging started Wed Jan 15 15:42:53 2020

Academic license - for non-commercial use only

Gurobi 8.1.1 (linux64, Python) logging started Tue Jan 21 06:27:57 2020

Academic license - for non-commercial use only

Gurobi 8.1.1 (linux64, Python) logging started Tue Jan 21 08:26:39 2020

Academic license - for non-commercial use only

Gurobi 8.1.1 (linux64, Python) logging started Wed Jan 22 02:54:15 2020

Academic license - for non-commercial use only

Gurobi 8.1.1 (linux64, Python) logging started Wed Jan 22 02:54:54 2020

Academic license - for non-commercial use only

Gurobi 8.1.1 (linux64, Python) logging started Wed Jan 22 02:55:56 2020

Academic license - for non-commercial use only

Gurobi 8.1.1 (linux64, Python) logging started Thu Jan 23 09:40:13 2020

Academic license - for non-commercial use only

Gurobi 8.1.1 (linux64, Python) logging started Thu Jan 23 12:11:21 2020

Academic license - for non-commercial use only

Gurobi 8.1.1 (linux64, Python) logging started Thu Jan 23 12:12:51 2020

Academic license - for non-commercial use only

Gurobi 8.1.1 (linux64, Python) logging started Thu Jan 23 12:13:58 2020

Academic license - for non-commercial use only

Gurobi 8.1.1 (linux64, Python) logging started Thu Jan 23 12:16:31 2020

Academic license - for non-commercial use only

Gurobi 8.1.1 (linux64, Python) logging started Thu Jan 23 12:18:32 2020

Academic license - for non-commercial use only

Gurobi 8.1.1 (linux64, Python) logging started Thu Jan 23 12:20:39 2020

Academic license - for non-commercial use only

Gurobi 8.1.1 (linux64, Python) logging started Thu Jan 23 12:21:09 2020

Academic license - for non-commercial use only

Gurobi 8.1.1 (linux64, Python) logging started Thu Jan 23 12:21:31 2020

Academic license - for non-commercial use only

Gurobi 8.1.1 (linux64, Python) logging started Thu Jan 23 12:22:43 2020

Academic license - for non-commercial use only

Gurobi 8.1.1 (linux64, Python) logging started Thu Jan 23 12:23:54 2020

Academic license - for non-commercial use only

Gurobi 8.1.1 (linux64, Python) logging started Thu Jan 23 12:24:19 2020

Academic license - for non-commercial use only

Gurobi 8.1.1 (linux64, Python) logging started Thu Jan 23 12:24:40 2020

Academic license - for non-commercial use only

Gurobi 8.1.1 (linux64, Python) logging started Thu Jan 23 12:25:22 2020

Academic license - for non-commercial use only

Gurobi 8.1.1 (linux64, Python) logging started Thu Jan 23 12:26:43 2020

Academic license - for non-commercial use only

Gurobi 8.1.1 (linux64, Python) logging started Thu Jan 23 12:29:01 2020

Academic license - for non-commercial use only

Gurobi 8.1.1 (linux64, Python) logging started Thu Jan 23 12:29:21 2020

Academic license - for non-commercial use only

Gurobi 8.1.1 (linux64, Python) logging started Thu Jan 23 12:29:53 2020

Academic license - for non-commercial use only

Gurobi 8.1.1 (linux64, Python) logging started Thu Jan 23 12:30:13 2020

Academic license - for non-commercial use only

Gurobi 8.1.1 (linux64, Python) logging started Thu Jan 23 12:30:33 2020

Academic license - for non-commercial use only

Gurobi 8.1.1 (linux64, Python) logging started Thu Jan 23 12:31:49 2020

Academic license - for non-commercial use only

Gurobi 8.1.1 (linux64, Python) logging started Thu Jan 23 13:14:46 2020

Academic license - for non-commercial use only

Gurobi 8.1.1 (linux64, Python) logging started Thu Jan 23 13:15:33 2020

Academic license - for non-commercial use only

Gurobi 8.1.1 (linux64, Python) logging started Thu Jan 23 13:18:08 2020

Academic license - for non-commercial use only

Gurobi 8.1.1 (linux64, Python) logging started Thu Jan 23 13:18:37 2020

Academic license - for non-commercial use only

Gurobi 8.1.1 (linux64, Python) logging started Thu Jan 23 13:21:29 2020

Academic license - for non-commercial use only

Gurobi 8.1.1 (linux64, Python) logging started Thu Jan 23 13:29:32 2020

Academic license - for non-commercial use only

Gurobi 8.1.1 (linux64, Python) logging started Thu Jan 23 13:29:55 2020

Academic license - for non-commercial use only

Gurobi 8.1.1 (linux64, Python) logging started Thu Jan 23 13:32:26 2020

Academic license - for non-commercial use only

Gurobi 8.1.1 (linux64, Python) logging started Thu Jan 23 13:33:58 2020

Academic license - for non-commercial use only

Gurobi 8.1.1 (linux64, Python) logging started Thu Jan 23 13:36:26 2020

Academic license - for non-commercial use only

Gurobi 8.1.1 (linux64, Python) logging started Thu Jan 23 13:36:42 2020

Academic license - for non-commercial use only

Gurobi 8.1.1 (linux64, Python) logging started Thu Jan 23 13:39:41 2020

Academic license - for non-commercial use only

Gurobi 8.1.1 (linux64, Python) logging started Thu Jan 23 13:44:26 2020

Academic license - for non-commercial use only

Gurobi 8.1.1 (linux64, Python) logging started Thu Jan 23 13:45:11 2020

Academic license - for non-commercial use only

Gurobi 8.1.1 (linux64, Python) logging started Thu Jan 23 13:46:22 2020

Academic license - for non-commercial use only

Gurobi 8.1.1 (linux64, Python) logging started Thu Jan 23 13:56:04 2020

Academic license - for non-commercial use only

Gurobi 8.1.1 (linux64, Python) logging started Fri Jan 24 09:47:09 2020

Academic license - for non-commercial use only

Gurobi 8.1.1 (linux64, Python) logging started Fri Jan 24 09:49:55 2020

Academic license - for non-commercial use only

Gurobi 8.1.1 (linux64, Python) logging started Fri Jan 24 09:52:13 2020

Academic license - for non-commercial use only

Gurobi 8.1.1 (linux64, Python) logging started Fri Jan 24 10:06:51 2020

Academic license - for non-commercial use only

Gurobi 8.1.1 (linux64, Python) logging started Fri Jan 24 10:09:11 2020

Academic license - for non-commercial use only

Gurobi 8.1.1 (linux64, Python) logging started Fri Jan 24 10:10:12 2020

Academic license - for non-commercial use only

Gurobi 8.1.1 (linux64, Python) logging started Fri Jan 24 10:16:58 2020

Academic license - for non-commercial use only

Gurobi 8.1.1 (linux64, Python) logging started Fri Jan 24 10:18:17 2020

Academic license - for non-commercial use only

Gurobi 8.1.1 (linux64, Python) logging started Fri Jan 24 10:18:36 2020

Academic license - for non-commercial use only

Gurobi 8.1.1 (linux64, Python) logging started Fri Jan 24 10:21:05 2020

Academic license - for non-commercial use only

Gurobi 8.1.1 (linux64, Python) logging started Fri Jan 24 10:25:04 2020

Academic license - for non-commercial use only

Gurobi 8.1.1 (linux64, Python) logging started Fri Jan 24 10:26:14 2020

Academic license - for non-commercial use only

Gurobi 8.1.1 (linux64, Python) logging started Fri Jan 24 10:26:31 2020

Academic license - for non-commercial use only

Gurobi 8.1.1 (linux64, Python) logging started Fri Jan 24 10:27:04 2020

Academic license - for non-commercial use only

Gurobi 8.1.1 (linux64, Python) logging started Fri Jan 24 10:29:01 2020

Academic license - for non-commercial use only

Gurobi 8.1.1 (linux64, Python) logging started Fri Jan 24 10:30:26 2020

Academic license - for non-commercial use only

Gurobi 8.1.1 (linux64, Python) logging started Fri Jan 24 10:30:41 2020

Academic license - for non-commercial use only

Gurobi 8.1.1 (linux64, Python) logging started Fri Jan 24 10:32:59 2020

Academic license - for non-commercial use only

Gurobi 8.1.1 (linux64, Python) logging started Fri Jan 24 10:33:30 2020

Academic license - for non-commercial use only

Gurobi 8.1.1 (linux64, Python) logging started Fri Jan 24 10:33:44 2020

Academic license - for non-commercial use only

Gurobi 8.1.1 (linux64, Python) logging started Fri Jan 24 10:34:05 2020

Academic license - for non-commercial use only

Gurobi 8.1.1 (linux64, Python) logging started Fri Jan 24 10:34:18 2020

Academic license - for non-commercial use only

Gurobi 8.1.1 (linux64, Python) logging started Fri Jan 24 10:34:31 2020

Academic license - for non-commercial use only

Gurobi 8.1.1 (linux64, Python) logging started Fri Jan 24 10:34:45 2020

Academic license - for non-commercial use only

Gurobi 8.1.1 (linux64, Python) logging started Fri Jan 24 10:36:20 2020

Academic license - for non-commercial use only

Gurobi 8.1.1 (linux64, Python) logging started Fri Jan 24 10:36:42 2020

Academic license - for non-commercial use only

Gurobi 8.1.1 (linux64, Python) logging started Fri Jan 24 10:37:05 2020

Academic license - for non-commercial use only

Gurobi 8.1.1 (linux64, Python) logging started Fri Jan 24 10:37:24 2020

Academic license - for non-commercial use only

Gurobi 8.1.1 (linux64, Python) logging started Fri Jan 24 10:37:53 2020

Academic license - for non-commercial use only

Gurobi 8.1.1 (linux64, Python) logging started Fri Jan 24 10:38:21 2020

Academic license - for non-commercial use only

Gurobi 8.1.1 (linux64, Python) logging started Fri Jan 24 10:38:56 2020

Academic license - for non-commercial use only

Gurobi 8.1.1 (linux64, Python) logging started Fri Jan 24 10:39:18 2020

Academic license - for non-commercial use only

Gurobi 8.1.1 (linux64, Python) logging started Fri Jan 24 10:39:52 2020

Academic license - for non-commercial use only

Gurobi 8.1.1 (linux64, Python) logging started Fri Jan 24 10:41:11 2020

Academic license - for non-commercial use only

Gurobi 8.1.1 (linux64, Python) logging started Fri Jan 24 10:41:30 2020

Academic license - for non-commercial use only

Gurobi 8.1.1 (linux64, Python) logging started Fri Jan 24 10:42:01 2020

Academic license - for non-commercial use only

Gurobi 8.1.1 (linux64, Python) logging started Fri Jan 24 10:42:40 2020

Academic license - for non-commercial use only

Gurobi 8.1.1 (linux64, Python) logging started Fri Jan 24 10:43:17 2020

Academic license - for non-commercial use only

Gurobi 8.1.1 (linux64, Python) logging started Fri Jan 24 10:44:03 2020

Academic license - for non-commercial use only

Gurobi 8.1.1 (linux64, Python) logging started Fri Jan 24 10:44:47 2020

Academic license - for non-commercial use only

Gurobi 8.1.1 (linux64, Python) logging started Fri Jan 24 10:45:52 2020

Academic license - for non-commercial use only

Gurobi 8.1.1 (linux64, Python) logging started Fri Jan 24 10:47:40 2020

Academic license - for non-commercial use only

Gurobi 8.1.1 (linux64, Python) logging started Fri Jan 24 10:50:06 2020

Academic license - for non-commercial use only

Gurobi 8.1.1 (linux64, Python) logging started Fri Jan 24 10:51:09 2020

Academic license - for non-commercial use only

Gurobi 8.1.1 (linux64, Python) logging started Fri Jan 24 10:53:18 2020

Academic license - for non-commercial use only

Gurobi 8.1.1 (linux64, Python) logging started Fri Jan 24 10:53:43 2020

Academic license - for non-commercial use only

Gurobi 8.1.1 (linux64, Python) logging started Fri Jan 24 10:54:04 2020

Academic license - for non-commercial use only

Gurobi 8.1.1 (linux64, Python) logging started Fri Jan 24 10:54:24 2020

Academic license - for non-commercial use only

Gurobi 8.1.1 (linux64, Python) logging started Fri Jan 24 10:54:53 2020

Academic license - for non-commercial use only

Gurobi 8.1.1 (linux64, Python) logging started Fri Jan 24 10:55:42 2020

Academic license - for non-commercial use only

Gurobi 8.1.1 (linux64, Python) logging started Fri Jan 24 10:55:59 2020

Academic license - for non-commercial use only

Gurobi 8.1.1 (linux64, Python) logging started Fri Jan 24 10:56:23 2020

Academic license - for non-commercial use only

Gurobi 8.1.1 (linux64, Python) logging started Fri Jan 24 10:57:02 2020

Academic license - for non-commercial use only

Gurobi 8.1.1 (linux64, Python) logging started Fri Jan 24 10:57:56 2020

Academic license - for non-commercial use only

Gurobi 8.1.1 (linux64, Python) logging started Fri Jan 24 10:59:07 2020

Academic license - for non-commercial use only

Gurobi 8.1.1 (linux64, Python) logging started Fri Jan 24 11:00:00 2020

Academic license - for non-commercial use only

Gurobi 8.1.1 (linux64, Python) logging started Fri Jan 24 11:00:46 2020

Academic license - for non-commercial use only

Gurobi 8.1.1 (linux64, Python) logging started Fri Jan 24 11:01:36 2020

Academic license - for non-commercial use only

Gurobi 8.1.1 (linux64, Python) logging started Fri Jan 24 11:02:29 2020

Academic license - for non-commercial use only

Gurobi 8.1.1 (linux64, Python) logging started Fri Jan 24 11:03:31 2020

Academic license - for non-commercial use only

Gurobi 8.1.1 (linux64, Python) logging started Fri Jan 24 11:04:18 2020

Academic license - for non-commercial use only

Gurobi 8.1.1 (linux64, Python) logging started Fri Jan 24 11:04:58 2020

Academic license - for non-commercial use only

Gurobi 8.1.1 (linux64, Python) logging started Fri Jan 24 11:05:40 2020

Academic license - for non-commercial use only

Gurobi 8.1.1 (linux64, Python) logging started Fri Jan 24 11:06:58 2020

Academic license - for non-commercial use only

Gurobi 8.1.1 (linux64, Python) logging started Fri Jan 24 11:08:26 2020

Academic license - for non-commercial use only

Gurobi 8.1.1 (linux64, Python) logging started Fri Jan 24 11:08:49 2020

Academic license - for non-commercial use only

Gurobi 8.1.1 (linux64, Python) logging started Fri Jan 24 11:09:13 2020

Academic license - for non-commercial use only

Gurobi 8.1.1 (linux64, Python) logging started Fri Jan 24 11:09:34 2020

Academic license - for non-commercial use only

Gurobi 8.1.1 (linux64, Python) logging started Fri Jan 24 11:11:56 2020

Academic license - for non-commercial use only

Gurobi 8.1.1 (linux64, Python) logging started Fri Jan 24 11:13:02 2020

Academic license - for non-commercial use only

Gurobi 8.1.1 (linux64, Python) logging started Fri Jan 24 11:19:19 2020

Academic license - for non-commercial use only

Gurobi 8.1.1 (linux64, Python) logging started Fri Jan 24 11:19:55 2020

Academic license - for non-commercial use only

Gurobi 8.1.1 (linux64, Python) logging started Fri Jan 24 11:20:33 2020

Academic license - for non-commercial use only

Gurobi 8.1.1 (linux64, Python) logging started Fri Jan 24 11:23:19 2020

Academic license - for non-commercial use only

Gurobi 8.1.1 (linux64, Python) logging started Fri Jan 24 11:23:45 2020

Academic license - for non-commercial use only

Gurobi 8.1.1 (linux64, Python) logging started Fri Jan 24 11:25:14 2020

Academic license - for non-commercial use only

Gurobi 8.1.1 (linux64, Python) logging started Fri Jan 24 11:25:58 2020

Academic license - for non-commercial use only

Gurobi 8.1.1 (linux64, Python) logging started Fri Jan 24 11:26:16 2020

Academic license - for non-commercial use only

Gurobi 8.1.1 (linux64, Python) logging started Fri Jan 24 11:26:37 2020

Academic license - for non-commercial use only

Gurobi 8.1.1 (linux64, Python) logging started Fri Jan 24 11:27:07 2020

Academic license - for non-commercial use only

Gurobi 8.1.1 (linux64, Python) logging started Fri Jan 24 11:27:27 2020

Academic license - for non-commercial use only

Gurobi 8.1.1 (linux64, Python) logging started Fri Jan 24 11:27:54 2020

Academic license - for non-commercial use only

Gurobi 8.1.1 (linux64, Python) logging started Fri Jan 24 11:30:48 2020

Academic license - for non-commercial use only

Gurobi 8.1.1 (linux64, Python) logging started Fri Jan 24 11:31:26 2020

Academic license - for non-commercial use only

Gurobi 8.1.1 (linux64, Python) logging started Fri Jan 24 11:31:58 2020

Academic license - for non-commercial use only

Gurobi 8.1.1 (linux64, Python) logging started Fri Jan 24 11:32:32 2020

Academic license - for non-commercial use only

Gurobi 8.1.1 (linux64, Python) logging started Fri Jan 24 11:33:03 2020

Academic license - for non-commercial use only

Gurobi 8.1.1 (linux64, Python) logging started Fri Jan 24 11:34:38 2020

Academic license - for non-commercial use only

Gurobi 8.1.1 (linux64, Python) logging started Fri Jan 24 11:35:16 2020

Academic license - for non-commercial use only

Gurobi 8.1.1 (linux64, Python) logging started Fri Jan 24 11:35:39 2020

Academic license - for non-commercial use only

Gurobi 8.1.1 (linux64, Python) logging started Fri Jan 24 11:35:53 2020

Academic license - for non-commercial use only

Gurobi 8.1.1 (linux64, Python) logging started Fri Jan 24 11:36:06 2020

Academic license - for non-commercial use only

Gurobi 8.1.1 (linux64, Python) logging started Fri Jan 24 11:37:49 2020

Academic license - for non-commercial use only

Gurobi 8.1.1 (linux64, Python) logging started Fri Jan 24 11:38:09 2020

Academic license - for non-commercial use only

Gurobi 8.1.1 (linux64, Python) logging started Fri Jan 24 11:40:26 2020

Academic license - for non-commercial use only

Gurobi 8.1.1 (linux64, Python) logging started Fri Jan 24 11:40:49 2020

Academic license - for non-commercial use only

Gurobi 8.1.1 (linux64, Python) logging started Fri Jan 24 11:49:36 2020

Academic license - for non-commercial use only

Gurobi 8.1.1 (linux64, Python) logging started Fri Jan 24 11:50:33 2020

Academic license - for non-commercial use only

Gurobi 8.1.1 (linux64, Python) logging started Fri Jan 24 11:57:52 2020

Academic license - for non-commercial use only

Gurobi 8.1.1 (linux64, Python) logging started Fri Jan 24 12:03:37 2020

Academic license - for non-commercial use only

Gurobi 8.1.1 (linux64, Python) logging started Fri Jan 24 12:07:12 2020

Academic license - for non-commercial use only

Gurobi 8.1.1 (linux64, Python) logging started Fri Jan 24 12:08:05 2020

Academic license - for non-commercial use only

Gurobi 8.1.1 (linux64, Python) logging started Fri Jan 24 12:09:53 2020

Academic license - for non-commercial use only

Gurobi 8.1.1 (linux64, Python) logging started Fri Jan 24 12:11:29 2020

Academic license - for non-commercial use only

Gurobi 8.1.1 (linux64, Python) logging started Fri Jan 24 12:16:56 2020

Academic license - for non-commercial use only

Gurobi 8.1.1 (linux64, Python) logging started Fri Jan 24 12:20:56 2020

Academic license - for non-commercial use only

Gurobi 8.1.1 (linux64, Python) logging started Fri Jan 24 12:21:32 2020

Academic license - for non-commercial use only

Gurobi 8.1.1 (linux64, Python) logging started Fri Jan 24 12:34:33 2020

Academic license - for non-commercial use only

Gurobi 8.1.1 (linux64, Python) logging started Fri Jan 24 12:35:00 2020

Academic license - for non-commercial use only

Gurobi 8.1.1 (linux64, Python) logging started Fri Jan 24 12:38:36 2020

Academic license - for non-commercial use only

Gurobi 8.1.1 (linux64, Python) logging started Fri Jan 24 12:51:49 2020

Academic license - for non-commercial use only

Gurobi 8.1.1 (linux64, Python) logging started Fri Jan 24 12:53:23 2020

Academic license - for non-commercial use only

Gurobi 8.1.1 (linux64, Python) logging started Fri Jan 24 12:57:03 2020

Academic license - for non-commercial use only

Gurobi 8.1.1 (linux64, Python) logging started Fri Jan 24 12:57:43 2020

Academic license - for non-commercial use only

Gurobi 8.1.1 (linux64, Python) logging started Fri Jan 24 12:58:28 2020

Academic license - for non-commercial use only

Gurobi 8.1.1 (linux64, Python) logging started Fri Jan 24 12:58:59 2020

Academic license - for non-commercial use only

Gurobi 8.1.1 (linux64, Python) logging started Fri Jan 24 12:59:41 2020

Academic license - for non-commercial use only

Gurobi 8.1.1 (linux64, Python) logging started Fri Jan 24 13:00:08 2020

Academic license - for non-commercial use only

Gurobi 8.1.1 (linux64, Python) logging started Fri Jan 24 13:00:45 2020

Academic license - for non-commercial use only

Gurobi 8.1.1 (linux64, Python) logging started Fri Jan 24 13:01:18 2020

Academic license - for non-commercial use only

Gurobi 8.1.1 (linux64, Python) logging started Fri Jan 24 13:01:47 2020

Academic license - for non-commercial use only

Gurobi 8.1.1 (linux64, Python) logging started Fri Jan 24 13:03:31 2020

Academic license - for non-commercial use only

Gurobi 8.1.1 (linux64, Python) logging started Fri Jan 24 13:05:44 2020

Academic license - for non-commercial use only

Gurobi 8.1.1 (linux64, Python) logging started Fri Jan 24 13:06:00 2020

Academic license - for non-commercial use only

Gurobi 8.1.1 (linux64, Python) logging started Fri Jan 24 13:06:19 2020

Academic license - for non-commercial use only

Gurobi 8.1.1 (linux64, Python) logging started Fri Jan 24 13:06:43 2020

Academic license - for non-commercial use only

Gurobi 8.1.1 (linux64, Python) logging started Fri Jan 24 13:07:04 2020

Academic license - for non-commercial use only

Gurobi 8.1.1 (linux64, Python) logging started Fri Jan 24 13:07:30 2020

Academic license - for non-commercial use only

Gurobi 8.1.1 (linux64, Python) logging started Fri Jan 24 13:08:03 2020

Academic license - for non-commercial use only

Gurobi 8.1.1 (linux64, Python) logging started Fri Jan 24 13:08:34 2020

Academic license - for non-commercial use only

Gurobi 8.1.1 (linux64, Python) logging started Fri Jan 24 13:09:15 2020

Academic license - for non-commercial use only

Gurobi 8.1.1 (linux64, Python) logging started Fri Jan 24 13:09:51 2020

Academic license - for non-commercial use only

Gurobi 8.1.1 (linux64, Python) logging started Fri Jan 24 13:10:29 2020

Academic license - for non-commercial use only

Gurobi 8.1.1 (linux64, Python) logging started Fri Jan 24 13:12:02 2020

Academic license - for non-commercial use only

Gurobi 8.1.1 (linux64, Python) logging started Fri Jan 24 13:12:25 2020

Academic license - for non-commercial use only

Gurobi 8.1.1 (linux64, Python) logging started Fri Jan 24 13:13:03 2020

Academic license - for non-commercial use only

Gurobi 8.1.1 (linux64, Python) logging started Fri Jan 24 13:13:17 2020

Academic license - for non-commercial use only

Gurobi 8.1.1 (linux64, Python) logging started Fri Jan 24 13:13:53 2020

Academic license - for non-commercial use only

Gurobi 8.1.1 (linux64, Python) logging started Fri Jan 24 13:14:09 2020

Academic license - for non-commercial use only

Gurobi 8.1.1 (linux64, Python) logging started Fri Jan 24 13:14:57 2020

Academic license - for non-commercial use only

Gurobi 8.1.1 (linux64, Python) logging started Fri Jan 24 13:17:23 2020

Academic license - for non-commercial use only

Gurobi 8.1.1 (linux64, Python) logging started Fri Jan 24 13:17:57 2020

Academic license - for non-commercial use only

Gurobi 8.1.1 (linux64, Python) logging started Fri Jan 24 13:18:31 2020

Academic license - for non-commercial use only

Gurobi 8.1.1 (linux64, Python) logging started Fri Jan 24 13:19:09 2020

Academic license - for non-commercial use only

Gurobi 8.1.1 (linux64, Python) logging started Fri Jan 24 13:19:50 2020

Academic license - for non-commercial use only

Gurobi 8.1.1 (linux64, Python) logging started Sun Jan 26 08:06:39 2020

Academic license - for non-commercial use only

Gurobi 8.1.1 (linux64, Python) logging started Sun Jan 26 08:08:40 2020

Academic license - for non-commercial use only

Gurobi 8.1.1 (linux64, Python) logging started Sun Jan 26 08:09:02 2020

Academic license - for non-commercial use only

Gurobi 8.1.1 (linux64, Python) logging started Sun Jan 26 08:09:46 2020

Academic license - for non-commercial use only

Gurobi 8.1.1 (linux64, Python) logging started Sun Jan 26 08:11:56 2020

Academic license - for non-commercial use only

Gurobi 8.1.1 (linux64, Python) logging started Sun Jan 26 08:13:46 2020

Academic license - for non-commercial use only

Gurobi 8.1.1 (linux64, Python) logging started Sun Jan 26 08:14:13 2020

Academic license - for non-commercial use only

Gurobi 8.1.1 (linux64, Python) logging started Sun Jan 26 08:14:33 2020

Academic license - for non-commercial use only

Gurobi 8.1.1 (linux64, Python) logging started Mon Jan 27 05:48:41 2020

Academic license - for non-commercial use only

Gurobi 8.1.1 (linux64, Python) logging started Mon Jan 27 05:49:17 2020

Academic license - for non-commercial use only

Gurobi 8.1.1 (linux64, Python) logging started Mon Jan 27 05:49:59 2020

Academic license - for non-commercial use only

Gurobi 8.1.1 (linux64, Python) logging started Mon Jan 27 05:50:12 2020

Academic license - for non-commercial use only

Gurobi 8.1.1 (linux64, Python) logging started Mon Jan 27 05:50:22 2020

Academic license - for non-commercial use only

Gurobi 8.1.1 (linux64, Python) logging started Mon Jan 27 05:50:33 2020

Academic license - for non-commercial use only

Gurobi 8.1.1 (linux64, Python) logging started Mon Jan 27 05:50:50 2020

Academic license - for non-commercial use only

Gurobi 8.1.1 (linux64, Python) logging started Mon Jan 27 05:51:24 2020

Academic license - for non-commercial use only

Gurobi 8.1.1 (linux64, Python) logging started Mon Jan 27 05:51:53 2020

Academic license - for non-commercial use only

Gurobi 8.1.1 (linux64, Python) logging started Mon Jan 27 05:52:21 2020

Academic license - for non-commercial use only

Gurobi 8.1.1 (linux64, Python) logging started Mon Jan 27 05:52:55 2020

Academic license - for non-commercial use only

Gurobi 8.1.1 (linux64, Python) logging started Mon Jan 27 05:59:12 2020

Academic license - for non-commercial use only

Gurobi 8.1.1 (linux64, Python) logging started Mon Jan 27 05:59:44 2020

Academic license - for non-commercial use only

Gurobi 8.1.1 (linux64, Python) logging started Mon Jan 27 06:00:25 2020

Academic license - for non-commercial use only

Gurobi 8.1.1 (linux64, Python) logging started Mon Jan 27 06:01:55 2020

Academic license - for non-commercial use only

Gurobi 8.1.1 (linux64, Python) logging started Mon Jan 27 06:14:21 2020

Academic license - for non-commercial use only

Gurobi 8.1.1 (linux64, Python) logging started Mon Jan 27 06:55:00 2020

Academic license - for non-commercial use only

Gurobi 8.1.1 (linux64, Python) logging started Mon Jan 27 06:55:53 2020

Academic license - for non-commercial use only

Gurobi 8.1.1 (linux64, Python) logging started Mon Jan 27 06:56:15 2020

Academic license - for non-commercial use only

Gurobi 8.1.1 (linux64, Python) logging started Mon Jan 27 06:57:21 2020

Academic license - for non-commercial use only

Gurobi 8.1.1 (linux64, Python) logging started Mon Jan 27 06:57:43 2020

Academic license - for non-commercial use only

Gurobi 8.1.1 (linux64, Python) logging started Mon Jan 27 06:58:03 2020

Academic license - for non-commercial use only

Gurobi 8.1.1 (linux64, Python) logging started Mon Jan 27 06:59:30 2020

Academic license - for non-commercial use only

Gurobi 8.1.1 (linux64, Python) logging started Mon Jan 27 07:04:02 2020

Academic license - for non-commercial use only

Gurobi 8.1.1 (linux64, Python) logging started Mon Jan 27 07:04:36 2020

Academic license - for non-commercial use only

Gurobi 8.1.1 (linux64, Python) logging started Mon Jan 27 07:04:55 2020

Academic license - for non-commercial use only

Gurobi 8.1.1 (linux64, Python) logging started Mon Jan 27 07:05:18 2020

Academic license - for non-commercial use only

Gurobi 8.1.1 (linux64, Python) logging started Mon Jan 27 07:05:39 2020

Academic license - for non-commercial use only

Gurobi 8.1.1 (linux64, Python) logging started Mon Jan 27 07:08:10 2020

Academic license - for non-commercial use only

Gurobi 8.1.1 (linux64, Python) logging started Mon Jan 27 07:08:31 2020

Academic license - for non-commercial use only

Gurobi 8.1.1 (linux64, Python) logging started Mon Jan 27 07:11:38 2020

Academic license - for non-commercial use only

Gurobi 8.1.1 (linux64, Python) logging started Mon Jan 27 07:27:12 2020

Academic license - for non-commercial use only

Gurobi 8.1.1 (linux64, Python) logging started Mon Jan 27 07:27:25 2020

Academic license - for non-commercial use only

Gurobi 8.1.1 (linux64, Python) logging started Mon Jan 27 07:28:03 2020

Academic license - for non-commercial use only

Gurobi 8.1.1 (linux64, Python) logging started Mon Jan 27 07:28:45 2020

Academic license - for non-commercial use only

Gurobi 8.1.1 (linux64, Python) logging started Mon Jan 27 07:29:33 2020

Academic license - for non-commercial use only

Gurobi 8.1.1 (linux64, Python) logging started Mon Jan 27 07:32:17 2020

Academic license - for non-commercial use only

Gurobi 8.1.1 (linux64, Python) logging started Mon Jan 27 07:36:14 2020

Academic license - for non-commercial use only

Gurobi 8.1.1 (linux64, Python) logging started Mon Jan 27 07:36:54 2020

Academic license - for non-commercial use only

Gurobi 8.1.1 (linux64, Python) logging started Mon Jan 27 07:54:19 2020

Academic license - for non-commercial use only

Gurobi 8.1.1 (linux64, Python) logging started Mon Jan 27 07:54:34 2020

Academic license - for non-commercial use only

Gurobi 8.1.1 (linux64, Python) logging started Mon Jan 27 07:55:17 2020

Academic license - for non-commercial use only

Gurobi 8.1.1 (linux64, Python) logging started Mon Jan 27 07:57:22 2020

Academic license - for non-commercial use only

Gurobi 8.1.1 (linux64, Python) logging started Mon Jan 27 07:58:09 2020

Academic license - for non-commercial use only

Gurobi 8.1.1 (linux64, Python) logging started Mon Jan 27 07:59:19 2020

Academic license - for non-commercial use only

Gurobi 8.1.1 (linux64, Python) logging started Mon Jan 27 07:59:45 2020

Academic license - for non-commercial use only

Gurobi 8.1.1 (linux64, Python) logging started Mon Jan 27 08:00:21 2020

Academic license - for non-commercial use only

Gurobi 8.1.1 (linux64, Python) logging started Mon Jan 27 08:00:55 2020

Academic license - for non-commercial use only

Gurobi 8.1.1 (linux64, Python) logging started Mon Jan 27 08:05:13 2020

Academic license - for non-commercial use only

Gurobi 8.1.1 (linux64, Python) logging started Mon Jan 27 08:05:53 2020

Academic license - for non-commercial use only

Gurobi 8.1.1 (linux64, Python) logging started Mon Jan 27 08:07:00 2020

Academic license - for non-commercial use only

Gurobi 8.1.1 (linux64, Python) logging started Mon Jan 27 08:07:54 2020

Academic license - for non-commercial use only

Gurobi 8.1.1 (linux64, Python) logging started Mon Jan 27 08:08:18 2020

Academic license - for non-commercial use only

Gurobi 8.1.1 (linux64, Python) logging started Mon Jan 27 08:08:42 2020

Academic license - for non-commercial use only

Gurobi 8.1.1 (linux64, Python) logging started Mon Jan 27 08:13:07 2020

Academic license - for non-commercial use only

Gurobi 8.1.1 (linux64, Python) logging started Mon Jan 27 08:13:58 2020

Academic license - for non-commercial use only

Gurobi 8.1.1 (linux64, Python) logging started Mon Jan 27 09:33:26 2020

Academic license - for non-commercial use only

Gurobi 8.1.1 (linux64, Python) logging started Mon Jan 27 09:33:40 2020

Academic license - for non-commercial use only

Gurobi 8.1.1 (linux64, Python) logging started Mon Jan 27 09:34:18 2020

Academic license - for non-commercial use only

Gurobi 8.1.1 (linux64, Python) logging started Mon Jan 27 09:53:31 2020

Academic license - for non-commercial use only

Gurobi 8.1.1 (linux64, Python) logging started Mon Jan 27 09:54:32 2020

Academic license - for non-commercial use only

Gurobi 8.1.1 (linux64, Python) logging started Mon Jan 27 09:55:17 2020

Academic license - for non-commercial use only

Gurobi 8.1.1 (linux64, Python) logging started Mon Jan 27 09:58:20 2020

Academic license - for non-commercial use only

Gurobi 8.1.1 (linux64, Python) logging started Mon Jan 27 10:00:55 2020

Academic license - for non-commercial use only

Gurobi 8.1.1 (linux64, Python) logging started Mon Jan 27 10:10:17 2020

Academic license - for non-commercial use only

Gurobi 8.1.1 (linux64, Python) logging started Thu Jan 30 05:24:37 2020

Academic license - for non-commercial use only

Gurobi 8.1.1 (linux64, Python) logging started Thu Jan 30 05:25:11 2020

Academic license - for non-commercial use only

Gurobi 8.1.1 (linux64, Python) logging started Thu Jan 30 05:25:55 2020

Academic license - for non-commercial use only

Gurobi 8.1.1 (linux64, Python) logging started Thu Jan 30 05:26:09 2020

Academic license - for non-commercial use only

Gurobi 8.1.1 (linux64, Python) logging started Thu Jan 30 05:26:23 2020

Academic license - for non-commercial use only

Gurobi 8.1.1 (linux64, Python) logging started Thu Jan 30 05:26:37 2020

Academic license - for non-commercial use only

Gurobi 8.1.1 (linux64, Python) logging started Thu Jan 30 05:27:10 2020

Academic license - for non-commercial use only

Gurobi 8.1.1 (linux64, Python) logging started Thu Jan 30 05:28:00 2020

Academic license - for non-commercial use only
